0 silly argv {
0 silly argv   _: [ 'run' ],
0 silly argv   stream: true,
0 silly argv   lernaVersion: '3.16.4',
0 silly argv   '$0': 'node_modules/.bin/lerna',
0 silly argv   script: 'dev:viewer'
0 silly argv }
1 notice cli v3.16.4
2 verbose rootPath /app
3 info versioning independent
4 info Executing command in 1 package: "yarn run dev:viewer"
5 silly npmRunScript.stream [ 'dev:viewer', [], '@ohif/viewer' ]
6 silly getExecOpts /app/platform/viewer undefined
7 error MaxBufferError: stdout maxBuffer exceeded
7 error     at PassThrough.<anonymous> (/app/node_modules/get-stream/index.js:41:19)
7 error     at PassThrough.emit (events.js:214:15)
7 error     at addChunk (_stream_readable.js:305:12)
7 error     at readableAddChunk (_stream_readable.js:282:13)
7 error     at PassThrough.Readable.push (_stream_readable.js:220:10)
7 error     at PassThrough.Transform.push (_stream_transform.js:150:32)
7 error     at PassThrough.afterTransform (_stream_transform.js:94:10)
7 error     at PassThrough._transform (_stream_passthrough.js:44:3)
7 error     at PassThrough.Transform._read (_stream_transform.js:189:10)
